<?xml version="1.0" encoding="UTF-8"?>
<!-- Generated by org.testng.reporters.JUnitReportReporter -->
<testsuite hostname="Dhivya" failures="0" tests="2" name="BestBuy_testCases.MenuValidationTest" time="0.947" errors="0" timestamp="2024-07-08T20:28:42 IST" skipped="0">
  <testcase classname="BestBuy_testCases.MenuValidationTest" name="topLinkVerification" time="0.405">
    <system-out>
      <![CDATA[<img src= D:\Intelli workspace\BestBuy.com\src\test\Screenshots-BestBuy\topLinkVerification.png width = 200px height=200px />]]>
    </system-out>
  </testcase> <!-- topLinkVerification -->
  <testcase classname="BestBuy_testCases.MenuValidationTest" name="bottomLinkVerification" time="0.542">
    <system-out>
      <![CDATA[<img src= D:\Intelli workspace\BestBuy.com\src\test\Screenshots-BestBuy\bottomLinkVerification.png width = 200px height=200px />]]>
    </system-out>
  </testcase> <!-- bottomLinkVerification -->
  <system-out>
    <![CDATA[<img src= D:\Intelli workspace\BestBuy.com\src\test\Screenshots-BestBuy\createAccountValidCredentials.png width = 200px height=200px />
<img src= D:\Intelli workspace\BestBuy.com\src\test\Screenshots-BestBuy\reader.png width = 200px height=200px />
<img src= D:\Intelli workspace\BestBuy.com\src\test\Screenshots-BestBuy\createAccountInvalidCredentials.png width = 200px height=200px />
<img src= D:\Intelli workspace\BestBuy.com\src\test\Screenshots-BestBuy\createAccountEmptyCredentials.png width = 200px height=200px />
<img src= D:\Intelli workspace\BestBuy.com\src\test\Screenshots-BestBuy\signUpValidCredentials.png width = 200px height=200px />
<img src= D:\Intelli workspace\BestBuy.com\src\test\Screenshots-BestBuy\signUpInValidCredentials.png width = 200px height=200px />
<img src= D:\Intelli workspace\BestBuy.com\src\test\Screenshots-BestBuy\signUpEmptyCredentials.png width = 200px height=200px />
<img src= D:\Intelli workspace\BestBuy.com\src\test\Screenshots-BestBuy\topLinkVerification.png width = 200px height=200px />
<img src= D:\Intelli workspace\BestBuy.com\src\test\Screenshots-BestBuy\bottomLinkVerification.png width = 200px height=200px />
<img src= D:\Intelli workspace\BestBuy.com\src\test\Screenshots-BestBuy\searchAddToshoppingCart.png width = 200px height=200px />
<img src= D:\Intelli workspace\BestBuy.com\src\test\Screenshots-BestBuy\shopByBrands.png width = 200px height=200px />
<img src= D:\Intelli workspace\BestBuy.com\src\test\Screenshots-BestBuy\shopByDepartment.png width = 200px height=200px />
<img src= D:\Intelli workspace\BestBuy.com\src\test\Screenshots-BestBuy\checkoutLoginProcess.png width = 200px height=200px />
<img src= D:\Intelli workspace\BestBuy.com\src\test\Screenshots-BestBuy\paymentInformation.png width = 200px height=200px />]]>
  </system-out>
</testsuite> <!-- BestBuy_testCases.MenuValidationTest -->
