<?xml version="1.0" encoding="UTF-8"?>
<!-- Generated by org.testng.reporters.JUnitReportReporter -->
<testsuite hostname="Dhivya" failures="0" tests="2" name="BestBuy_testCases.CheckoutAndPaymentProcessTest" time="38.079" errors="0" timestamp="2024-07-09T19:55:21 IST" skipped="0">
  <testcase classname="BestBuy_testCases.CheckoutAndPaymentProcessTest" name="paymentInformation" time="33.849">
    <system-out>
      <![CDATA[<img src= D:\Intelli workspace\BestBuy.com\src\test\Screenshots-BestBuy\paymentInformation.png width = 200px height=200px />]]>
    </system-out>
  </testcase> <!-- paymentInformation -->
  <testcase classname="BestBuy_testCases.CheckoutAndPaymentProcessTest" name="checkoutLoginProcess" time="4.230">
    <system-out>
      <![CDATA[<img src= D:\Intelli workspace\BestBuy.com\src\test\Screenshots-BestBuy\checkoutLoginProcess.png width = 200px height=200px />]]>
    </system-out>
  </testcase> <!-- checkoutLoginProcess -->
  <system-out>
    <![CDATA[<img src= D:\Intelli workspace\BestBuy.com\src\test\Screenshots-BestBuy\createAccountValidCredentials.png width = 200px height=200px />
<img src= D:\Intelli workspace\BestBuy.com\src\test\Screenshots-BestBuy\reader.png width = 200px height=200px />
<img src= D:\Intelli workspace\BestBuy.com\src\test\Screenshots-BestBuy\createAccountInvalidCredentials.png width = 200px height=200px />
<img src= D:\Intelli workspace\BestBuy.com\src\test\Screenshots-BestBuy\createAccountEmptyCredentials.png width = 200px height=200px />
<img src= D:\Intelli workspace\BestBuy.com\src\test\Screenshots-BestBuy\signUpValidCredentials.png width = 200px height=200px />
<img src= D:\Intelli workspace\BestBuy.com\src\test\Screenshots-BestBuy\signUpInValidCredentials.png width = 200px height=200px />
<img src= D:\Intelli workspace\BestBuy.com\src\test\Screenshots-BestBuy\signUpEmptyCredentials.png width = 200px height=200px />
<img src= D:\Intelli workspace\BestBuy.com\src\test\Screenshots-BestBuy\topLinkVerification.png width = 200px height=200px />
<img src= D:\Intelli workspace\BestBuy.com\src\test\Screenshots-BestBuy\bottomLinkVerification.png width = 200px height=200px />
<img src= D:\Intelli workspace\BestBuy.com\src\test\Screenshots-BestBuy\searchAddToshoppingCart.png width = 200px height=200px />
<img src= D:\Intelli workspace\BestBuy.com\src\test\Screenshots-BestBuy\shopByBrands.png width = 200px height=200px />
<img src= D:\Intelli workspace\BestBuy.com\src\test\Screenshots-BestBuy\shopByDepartment.png width = 200px height=200px />
<img src= D:\Intelli workspace\BestBuy.com\src\test\Screenshots-BestBuy\checkoutLoginProcess.png width = 200px height=200px />
<img src= D:\Intelli workspace\BestBuy.com\src\test\Screenshots-BestBuy\paymentInformation.png width = 200px height=200px />]]>
  </system-out>
</testsuite> <!-- BestBuy_testCases.CheckoutAndPaymentProcessTest -->
