<?xml version="1.0" encoding="UTF-8"?>
<!-- Generated by org.testng.reporters.JUnitReportReporter -->
<testsuite hostname="Dhivya" failures="0" tests="4" name="BestBuy_testCases.CreateAccountTest" time="54.545" errors="0" timestamp="2024-07-09T19:55:21 IST" skipped="0">
  <testcase classname="BestBuy_testCases.CreateAccountTest" name="createAccountValidCredentials" time="31.934">
    <system-out>
      <![CDATA[<img src= D:\Intelli workspace\BestBuy.com\src\test\Screenshots-BestBuy\createAccountValidCredentials.png width = 200px height=200px />]]>
    </system-out>
  </testcase> <!-- createAccountValidCredentials -->
  <testcase classname="BestBuy_testCases.CreateAccountTest" name="reader" time="0.000">
    <system-out>
      <![CDATA[<img src= D:\Intelli workspace\BestBuy.com\src\test\Screenshots-BestBuy\reader.png width = 200px height=200px />]]>
    </system-out>
  </testcase> <!-- reader -->
  <testcase classname="BestBuy_testCases.CreateAccountTest" name="createAccountInvalidCredentials" time="11.756">
    <system-out>
      <![CDATA[<img src= D:\Intelli workspace\BestBuy.com\src\test\Screenshots-BestBuy\createAccountInvalidCredentials.png width = 200px height=200px />]]>
    </system-out>
  </testcase> <!-- createAccountInvalidCredentials -->
  <testcase classname="BestBuy_testCases.CreateAccountTest" name="createAccountEmptyCredentials" time="10.855">
    <system-out>
      <![CDATA[<img src= D:\Intelli workspace\BestBuy.com\src\test\Screenshots-BestBuy\createAccountEmptyCredentials.png width = 200px height=200px />]]>
    </system-out>
  </testcase> <!-- createAccountEmptyCredentials -->
  <system-out>
    <![CDATA[<img src= D:\Intelli workspace\BestBuy.com\src\test\Screenshots-BestBuy\createAccountValidCredentials.png width = 200px height=200px />
<img src= D:\Intelli workspace\BestBuy.com\src\test\Screenshots-BestBuy\reader.png width = 200px height=200px />
<img src= D:\Intelli workspace\BestBuy.com\src\test\Screenshots-BestBuy\createAccountInvalidCredentials.png width = 200px height=200px />
<img src= D:\Intelli workspace\BestBuy.com\src\test\Screenshots-BestBuy\createAccountEmptyCredentials.png width = 200px height=200px />
<img src= D:\Intelli workspace\BestBuy.com\src\test\Screenshots-BestBuy\signUpValidCredentials.png width = 200px height=200px />
<img src= D:\Intelli workspace\BestBuy.com\src\test\Screenshots-BestBuy\signUpInValidCredentials.png width = 200px height=200px />
<img src= D:\Intelli workspace\BestBuy.com\src\test\Screenshots-BestBuy\signUpEmptyCredentials.png width = 200px height=200px />
<img src= D:\Intelli workspace\BestBuy.com\src\test\Screenshots-BestBuy\topLinkVerification.png width = 200px height=200px />
<img src= D:\Intelli workspace\BestBuy.com\src\test\Screenshots-BestBuy\bottomLinkVerification.png width = 200px height=200px />
<img src= D:\Intelli workspace\BestBuy.com\src\test\Screenshots-BestBuy\searchAddToshoppingCart.png width = 200px height=200px />
<img src= D:\Intelli workspace\BestBuy.com\src\test\Screenshots-BestBuy\shopByBrands.png width = 200px height=200px />
<img src= D:\Intelli workspace\BestBuy.com\src\test\Screenshots-BestBuy\shopByDepartment.png width = 200px height=200px />
<img src= D:\Intelli workspace\BestBuy.com\src\test\Screenshots-BestBuy\checkoutLoginProcess.png width = 200px height=200px />
<img src= D:\Intelli workspace\BestBuy.com\src\test\Screenshots-BestBuy\paymentInformation.png width = 200px height=200px />]]>
  </system-out>
</testsuite> <!-- BestBuy_testCases.CreateAccountTest -->
